<?xml version="1.0" encoding="UTF-8"?>
<!-- Generated by org.testng.reporters.JUnitReportReporter -->
<testsuite hostname="DESKTOP-8CD7N2K" name="com.rameshsoft.automaton.gmail.businessscripts.InstTest" tests="1" failures="0" timestamp="10 Mar 2019 03:11:51 GMT" time="4.606" errors="0">
  <testcase name="practice" time="4.606" classname="com.rameshsoft.automaton.gmail.businessscripts.InstTest"/>
</testsuite> <!-- com.rameshsoft.automaton.gmail.businessscripts.InstTest -->
