<?xml version="1.0" encoding="UTF-8"?>
<!-- Generated by org.testng.reporters.JUnitReportReporter -->
<testsuite hostname="DESKTOP-8CD7N2K" name="com.rameshsoft.automaton.gmail.businessscripts.FBTest" tests="1" failures="0" timestamp="10 Mar 2019 03:11:51 GMT" time="9.470" errors="0">
  <testcase name="fbTest" time="9.470" classname="com.rameshsoft.automaton.gmail.businessscripts.FBTest"/>
</testsuite> <!-- com.rameshsoft.automaton.gmail.businessscripts.FBTest -->
