<?xml version="1.0" encoding="UTF-8"?>
<!-- Generated by org.testng.reporters.JUnitReportReporter -->
<testsuite hostname="DESKTOP-8CD7N2K" name="com.rameshsoft.automaton.gmail.businessscripts.GmailPom" tests="1" failures="0" timestamp="26 Mar 2019 03:05:37 GMT" time="37.918" errors="0">
  <testcase name="pomGmailTest" time="37.918" classname="com.rameshsoft.automaton.gmail.businessscripts.GmailPom"/>
</testsuite> <!-- com.rameshsoft.automaton.gmail.businessscripts.GmailPom -->
