<?xml version="1.0" encoding="UTF-8"?>
<!-- Generated by org.testng.reporters.JUnitReportReporter -->
<testsuite hostname="DESKTOP-8CD7N2K" name="com.rameshsoft.automation.seleniumadv.TestNgTest2" tests="3" failures="0" timestamp="8 Mar 2019 02:44:29 GMT" time="0.019" errors="0">
  <testcase name="logout" time="0.010" classname="com.rameshsoft.automation.seleniumadv.TestNgTest2"/>
  <testcase name="job" time="0.006" classname="com.rameshsoft.automation.seleniumadv.TestNgTest2"/>
  <testcase name="login" time="0.003" classname="com.rameshsoft.automation.seleniumadv.TestNgTest2"/>
</testsuite> <!-- com.rameshsoft.automation.seleniumadv.TestNgTest2 -->
