<?xml version="1.0" encoding="UTF-8"?>
<!-- Generated by org.testng.reporters.JUnitReportReporter -->
<testsuite hostname="DESKTOP-8CD7N2K" name="com.rameshsoft.automaton.gmail.businessscripts.POMGmailTest" tests="1" failures="0" timestamp="4 May 2019 05:22:16 GMT" time="39.110" errors="0">
  <testcase name="login" time="39.110" classname="com.rameshsoft.automaton.gmail.businessscripts.POMGmailTest"/>
</testsuite> <!-- com.rameshsoft.automaton.gmail.businessscripts.POMGmailTest -->
