<?xml version="1.0" encoding="UTF-8"?>
<!-- Generated by org.testng.reporters.JUnitReportReporter -->
<testsuite hostname="DESKTOP-8CD7N2K" name="com.rameshsoft.automaton.gmail.businessscripts.FPTest" tests="1" failures="0" timestamp="10 Mar 2019 03:11:51 GMT" time="13.111" errors="0">
  <testcase name="flipkartTest" time="13.111" classname="com.rameshsoft.automaton.gmail.businessscripts.FPTest"/>
</testsuite> <!-- com.rameshsoft.automaton.gmail.businessscripts.FPTest -->
