<?xml version="1.0" encoding="UTF-8"?>
<!-- Generated by org.testng.reporters.JUnitReportReporter -->
<testsuite hostname="DESKTOP-8CD7N2K" name="com.rameshsoft.automation.seleniumcore.ExamMethodTest" tests="1" failures="0" timestamp="9 Mar 2019 02:48:13 GMT" time="0.039" errors="0">
  <testcase name="login" time="0.039" classname="com.rameshsoft.automation.seleniumcore.ExamMethodTest"/>
</testsuite> <!-- com.rameshsoft.automation.seleniumcore.ExamMethodTest -->
