<?xml version="1.0" encoding="UTF-8"?>
<!-- Generated by org.testng.reporters.JUnitReportReporter -->
<testsuite hostname="DESKTOP-8CD7N2K" name="com.rameshsoft.automation.seleniumcore.ADPTest" tests="1" failures="0" timestamp="7 Mar 2019 02:26:45 GMT" time="0.022" errors="0">
  <testcase name="main" time="0.022" classname="com.rameshsoft.automation.seleniumcore.ADPTest"/>
</testsuite> <!-- com.rameshsoft.automation.seleniumcore.ADPTest -->
