<?xml version="1.0" encoding="UTF-8"?>
<!-- Generated by org.testng.reporters.JUnitReportReporter -->
<testsuite hostname="DESKTOP-8CD7N2K" name="com.rameshsoft.automation.seleniumadv.TestNgTest1" tests="1" failures="0" timestamp="8 Mar 2019 02:44:29 GMT" time="0.125" errors="0">
  <testcase name="practice" time="0.125" classname="com.rameshsoft.automation.seleniumadv.TestNgTest1"/>
</testsuite> <!-- com.rameshsoft.automation.seleniumadv.TestNgTest1 -->
