<?xml version="1.0" encoding="UTF-8"?>
<!-- Generated by org.testng.reporters.JUnitReportReporter -->
<testsuite hostname="DESKTOP-8CD7N2K" name="com.rameshsoft.automation.seleniumadv.TestNgTest" tests="1" failures="0" timestamp="8 Mar 2019 02:39:09 GMT" time="0.008" errors="0">
  <testcase name="hello" time="0.008" classname="com.rameshsoft.automation.seleniumadv.TestNgTest"/>
</testsuite> <!-- com.rameshsoft.automation.seleniumadv.TestNgTest -->
