<?xml version="1.0" encoding="UTF-8"?>
<!-- Generated by org.testng.reporters.JUnitReportReporter -->
<testsuite hostname="DESKTOP-8CD7N2K" name="com.rameshsoft.automaton.gmail.businessscripts.AlertTest" tests="1" failures="0" timestamp="23 Mar 2019 03:16:10 GMT" time="18.754" errors="0">
  <testcase name="alertTest" time="18.754" classname="com.rameshsoft.automaton.gmail.businessscripts.AlertTest"/>
</testsuite> <!-- com.rameshsoft.automaton.gmail.businessscripts.AlertTest -->
