<?xml version="1.0" encoding="UTF-8"?>
<!-- Generated by org.testng.reporters.JUnitReportReporter -->
<testsuite hostname="DESKTOP-8CD7N2K" name="com.rameshsoft.automation.seleniumcore.BrowserTest" tests="2" failures="0" timestamp="8 Mar 2019 02:05:13 GMT" time="30.746" errors="0">
  <testcase name="alogout" time="0.017" classname="com.rameshsoft.automation.seleniumcore.BrowserTest"/>
  <testcase name="login" time="30.729" classname="com.rameshsoft.automation.seleniumcore.BrowserTest"/>
</testsuite> <!-- com.rameshsoft.automation.seleniumcore.BrowserTest -->
