<?xml version="1.0" encoding="UTF-8"?>
<!-- Generated by org.testng.reporters.JUnitReportReporter -->
<testsuite skipped="0" hostname="DESKTOP-E9GH2O5" name="org.testing.qatesting.Test" tests="1" failures="0" timestamp="28 Oct 2021 08:12:04 GMT" time="0.011" errors="0">
  <testcase name="test" time="0.011" classname="org.testing.qatesting.Test"/>
</testsuite> <!-- org.testing.qatesting.Test -->
