<?xml version="1.0" encoding="UTF-8"?>
<!-- Generated by org.testng.reporters.JUnitReportReporter -->
<testsuite skipped="0" hostname="DESKTOP-E9GH2O5" name="org.testing.qatesting.Tc_fbLogin" tests="1" failures="0" timestamp="29 Oct 2021 06:29:13 GMT" time="8.164" errors="0">
  <testcase name="login" time="8.164" classname="org.testing.qatesting.Tc_fbLogin"/>
</testsuite> <!-- org.testing.qatesting.Tc_fbLogin -->
