<?xml version="1.0" encoding="UTF-8"?>
<!-- Generated by org.testng.reporters.JUnitReportReporter -->
<testsuite skipped="0" hostname="DESKTOP-E9GH2O5" name="org.testing.qatesting.Tc_GmailLogin" tests="1" failures="0" timestamp="29 Oct 2021 07:32:01 GMT" time="19.049" errors="0">
  <testcase name="login" time="19.049" classname="org.testing.qatesting.Tc_GmailLogin"/>
</testsuite> <!-- org.testing.qatesting.Tc_GmailLogin -->
