<?xml version="1.0" encoding="UTF-8"?>
<!-- Generated by org.testng.reporters.JUnitReportReporter -->
<testsuite hostname="DESKTOP-QN69IM3" name="com.ramu.businessscripts.GmailTest" tests="1" failures="0" timestamp="10 Jun 2019 14:24:00 GMT" time="10.189" errors="0">
  <testcase name="loginTest" time="10.189" classname="com.ramu.businessscripts.GmailTest"/>
</testsuite> <!-- com.ramu.businessscripts.GmailTest -->
