<?xml version="1.0" encoding="UTF-8"?>
<!-- Generated by org.testng.reporters.JUnitReportReporter -->
<testsuite hostname="DESKTOP-QN69IM3" name="com.ramu.businessscripts.FbTest" tests="1" failures="0" timestamp="29 May 2019 07:21:57 GMT" time="1.840" errors="0">
  <testcase name="loginTest" time="1.840" classname="com.ramu.businessscripts.FbTest"/>
</testsuite> <!-- com.ramu.businessscripts.FbTest -->
